<?xml version="1.0" encoding="UTF-8"?>
<!-- Generated by org.testng.reporters.JUnitXMLReporter -->
<testsuite ignored="3" hostname="LAPTOP-TG0OKUR5" failures="0" tests="1" name="Default test" time="15.474" errors="0" timestamp="2022-06-05T14:53:06 IST">
  <testcase classname="com.qa.test.LoginPageTest" name="signupPageTast" time="5.838"/>
  <testcase classname="com.qa.test.LoginPageTest" name="logoTest" time="0.0">
    <ignored/>
  </testcase> <!-- logoTest -->
  <testcase classname="com.qa.test.LoginPageTest" name="gestTitleOfPageTest" time="0.0">
    <ignored/>
  </testcase> <!-- gestTitleOfPageTest -->
  <testcase classname="com.qa.test.LoginPageTest" name="loginPageTest" time="0.0">
    <ignored/>
  </testcase> <!-- loginPageTest -->
</testsuite> <!-- Default test -->
