<?xml version="1.0" encoding="UTF-8"?>
<testng-results ignored="3" total="4" passed="1" failed="0" skipped="0">
  <reporter-output>
  </reporter-output>
  <suite started-at="2022-06-05T14:52:50 IST" name="Default suite" finished-at="2022-06-05T14:53:06 IST" duration-ms="15474">
    <groups>
    </groups>
    <test started-at="2022-06-05T14:52:50 IST" name="Default test" finished-at="2022-06-05T14:53:06 IST" duration-ms="15474">
      <class name="com.qa.test.LoginPageTest">
        <test-method is-config="true" signature="lunchBrowser()[pri:0, instance:com.qa.test.LoginPageTest@79924b]" started-at="2022-06-05T14:52:50 IST" name="lunchBrowser" finished-at="2022-06-05T14:52:59 IST" duration-ms="9251" status="PASS">
          <reporter-output>
          </reporter-output>
        </test-method> <!-- lunchBrowser -->
        <test-method signature="signupPageTast()[pri:0, instance:com.qa.test.LoginPageTest@79924b]" started-at="2022-06-05T14:52:59 IST" name="signupPageTast" finished-at="2022-06-05T14:53:05 IST" duration-ms="5838" status="PASS">
          <reporter-output>
          </reporter-output>
        </test-method> <!-- signupPageTast -->
        <test-method is-config="true" signature="closeBrowser()[pri:0, instance:com.qa.test.LoginPageTest@79924b]" started-at="2022-06-05T14:53:05 IST" name="closeBrowser" finished-at="2022-06-05T14:53:06 IST" duration-ms="316" status="PASS">
          <reporter-output>
          </reporter-output>
        </test-method> <!-- closeBrowser -->
      </class> <!-- com.qa.test.LoginPageTest -->
    </test> <!-- Default test -->
  </suite> <!-- Default suite -->
</testng-results>
